<?xml version="1.0" encoding="UTF-8"?>
<testsuites name="jest tests" tests="1" failures="0" errors="0" time="1.769">
  <testsuite name="useNotification" errors="0" failures="0" skipped="0" timestamp="2025-08-22T02:10:58" time="1.011" tests="1">
    <testcase classname="useNotification should initialize with default permission, no subscription, and isMobile state" name="useNotification should initialize with default permission, no subscription, and isMobile state" time="0.021">
    </testcase>
  </testsuite>
</testsuites>