TN:
SF:hooks\useNotification.js
FN:5,useNotification
FN:12,saveNotificationSettings
FN:25,loadNotificationSettings
FN:38,restoreSubscription
FN:82,canUseNotification
FN:101,urlBase64ToUint8Array
FN:116,saveSubscriptionToServer
FN:143,requestPermission
FN:189,unsubscribe
FN:210,sendLocalNotification
FN:240,sendPushNotification
FN:268,sendTestPush
FNF:12
FNH:12
FNDA:34,useNotification
FNDA:2,saveNotificationSettings
FNDA:13,loadNotificationSettings
FNDA:3,restoreSubscription
FNDA:36,canUseNotification
FNDA:1,urlBase64ToUint8Array
FNDA:1,saveSubscriptionToServer
FNDA:2,requestPermission
FNDA:3,unsubscribe
FNDA:3,sendLocalNotification
FNDA:3,sendPushNotification
FNDA:1,sendTestPush
DA:1,1
DA:2,1
DA:3,1
DA:4,1
DA:5,1
DA:6,34
DA:7,34
DA:8,34
DA:9,34
DA:10,34
DA:11,34
DA:12,34
DA:13,2
DA:14,2
DA:15,2
DA:16,2
DA:17,2
DA:18,2
DA:19,2
DA:20,0
DA:21,0
DA:22,2
DA:23,2
DA:24,34
DA:25,34
DA:26,13
DA:27,13
DA:28,13
DA:29,13
DA:30,13
DA:31,0
DA:32,0
DA:33,0
DA:34,13
DA:35,0
DA:36,0
DA:37,34
DA:38,34
DA:39,3
DA:40,3
DA:41,3
DA:42,3
DA:43,3
DA:44,3
DA:45,3
DA:46,3
DA:47,3
DA:48,3
DA:49,3
DA:50,3
DA:51,3
DA:52,0
DA:53,0
DA:54,3
DA:55,34
DA:56,34
DA:57,34
DA:58,14
DA:59,14
DA:60,14
DA:61,14
DA:62,14
DA:63,14
DA:64,14
DA:65,14
DA:66,14
DA:67,14
DA:68,13
DA:69,13
DA:70,13
DA:71,13
DA:72,13
DA:73,13
DA:74,3
DA:75,3
DA:76,3
DA:77,3
DA:78,3
DA:79,13
DA:80,34
DA:81,34
DA:82,34
DA:83,36
DA:84,36
DA:85,36
DA:86,36
DA:87,36
DA:88,36
DA:89,36
DA:90,36
DA:91,34
DA:92,34
DA:93,34
DA:94,36
DA:95,36
DA:96,0
DA:97,0
DA:98,0
DA:99,36
DA:100,34
DA:101,34
DA:102,1
DA:103,1
DA:104,1
DA:105,1
DA:106,1
DA:107,1
DA:108,1
DA:109,1
DA:110,1
DA:111,65
DA:112,65
DA:113,1
DA:114,1
DA:115,34
DA:116,34
DA:117,1
DA:118,1
DA:119,1
DA:120,1
DA:121,1
DA:122,1
DA:123,1
DA:124,1
DA:125,1
DA:126,1
DA:127,1
DA:128,1
DA:129,1
DA:130,1
DA:131,1
DA:132,1
DA:133,1
DA:134,0
DA:135,0
DA:136,0
DA:137,1
DA:138,0
DA:139,0
DA:140,0
DA:141,1
DA:142,34
DA:143,34
DA:144,2
DA:145,0
DA:146,0
DA:147,0
DA:148,2
DA:149,2
DA:150,2
DA:151,2
DA:152,2
DA:153,2
DA:154,1
DA:155,1
DA:156,1
DA:157,1
DA:158,1
DA:159,1
DA:160,1
DA:161,1
DA:162,1
DA:163,1
DA:164,1
DA:165,1
DA:166,1
DA:167,1
DA:168,1
DA:169,1
DA:170,1
DA:171,0
DA:172,2
DA:173,2
DA:174,2
DA:175,2
DA:176,2
DA:177,2
DA:178,1
DA:179,1
DA:180,1
DA:181,1
DA:182,1
DA:183,2
DA:184,0
DA:185,0
DA:186,0
DA:187,2
DA:188,34
DA:189,34
DA:190,3
DA:191,2
DA:192,2
DA:193,1
DA:194,1
DA:195,1
DA:196,1
DA:197,1
DA:198,1
DA:199,1
DA:200,1
DA:201,1
DA:202,1
DA:203,1
DA:204,1
DA:205,1
DA:206,2
DA:207,1
DA:208,1
DA:209,34
DA:210,34
DA:211,3
DA:212,1
DA:213,1
DA:214,1
DA:215,2
DA:216,2
DA:217,2
DA:218,2
DA:219,2
DA:220,2
DA:221,2
DA:222,2
DA:223,2
DA:224,2
DA:225,2
DA:226,2
DA:227,2
DA:228,1
DA:229,1
DA:230,1
DA:231,2
DA:232,1
DA:233,1
DA:234,3
DA:235,0
DA:236,0
DA:237,0
DA:238,3
DA:239,34
DA:240,34
DA:241,3
DA:242,3
DA:243,3
DA:244,3
DA:245,3
DA:246,3
DA:247,3
DA:248,3
DA:249,3
DA:250,3
DA:251,3
DA:252,3
DA:253,3
DA:254,3
DA:255,3
DA:256,2
DA:257,2
DA:258,3
DA:259,1
DA:260,1
DA:261,1
DA:262,3
DA:263,0
DA:264,0
DA:265,0
DA:266,3
DA:267,34
DA:268,34
DA:269,1
DA:270,1
DA:271,1
DA:272,1
DA:273,1
DA:274,34
DA:275,34
DA:276,34
DA:277,34
DA:278,34
DA:279,34
DA:280,34
DA:281,34
DA:282,34
DA:283,34
DA:284,34
DA:285,34
DA:286,34
DA:287,34
DA:288,34
DA:289,0
DA:290,34
DA:291,34
LF:291
LH:259
BRDA:5,0,0,34
BRDA:288,1,0,20
BRDA:288,2,0,0
BRDA:12,3,0,2
BRDA:19,4,0,0
BRDA:25,5,0,13
BRDA:29,6,0,3
BRDA:29,7,0,10
BRDA:30,8,0,0
BRDA:34,9,0,0
BRDA:38,10,0,3
BRDA:51,11,0,0
BRDA:57,12,0,14
BRDA:58,13,0,0
BRDA:67,14,0,13
BRDA:73,15,0,3
BRDA:82,16,0,36
BRDA:83,17,0,0
BRDA:90,18,0,34
BRDA:91,19,0,34
BRDA:92,20,0,34
BRDA:95,21,0,0
BRDA:101,22,0,1
BRDA:110,23,0,65
BRDA:116,24,0,1
BRDA:133,25,0,0
BRDA:137,26,0,0
BRDA:143,27,0,2
BRDA:144,28,0,0
BRDA:153,29,0,1
BRDA:170,30,0,0
BRDA:177,31,0,1
BRDA:183,32,0,0
BRDA:189,33,0,3
BRDA:190,34,0,2
BRDA:192,35,0,1
BRDA:206,36,0,1
BRDA:210,37,0,3
BRDA:211,38,0,1
BRDA:214,39,0,2
BRDA:227,40,0,1
BRDA:231,41,0,1
BRDA:234,42,0,0
BRDA:240,43,0,3
BRDA:246,44,0,0
BRDA:247,45,0,0
BRDA:255,46,0,2
BRDA:258,47,0,1
BRDA:262,48,0,0
BRDA:268,49,0,1
BRF:50
BRH:33
end_of_record
