TN:
SF:hooks\useNotification.js
FN:5,useNotification
FN:12,(anonymous_2)
FN:25,(anonymous_3)
FN:38,(anonymous_4)
FN:57,(anonymous_5)
FN:82,(anonymous_6)
FN:101,(anonymous_7)
FN:116,(anonymous_8)
FN:141,(anonymous_9)
FN:206,(anonymous_10)
FN:227,(anonymous_11)
FN:257,(anonymous_12)
FN:285,(anonymous_13)
FNF:13
FNH:4
FNDA:2,useNotification
FNDA:0,(anonymous_2)
FNDA:1,(anonymous_3)
FNDA:0,(anonymous_4)
FNDA:1,(anonymous_5)
FNDA:2,(anonymous_6)
FNDA:0,(anonymous_7)
FNDA:0,(anonymous_8)
FNDA:0,(anonymous_9)
FNDA:0,(anonymous_10)
FNDA:0,(anonymous_11)
FNDA:0,(anonymous_12)
FNDA:0,(anonymous_13)
DA:3,1
DA:5,2
DA:6,2
DA:7,2
DA:8,2
DA:10,2
DA:12,2
DA:13,0
DA:14,0
DA:15,0
DA:20,0
DA:25,2
DA:26,1
DA:27,1
DA:28,1
DA:29,1
DA:31,0
DA:32,0
DA:35,0
DA:38,2
DA:39,0
DA:40,0
DA:41,0
DA:42,0
DA:44,0
DA:45,0
DA:46,0
DA:47,0
DA:52,0
DA:57,2
DA:58,1
DA:61,1
DA:67,1
DA:68,1
DA:69,1
DA:72,1
DA:73,1
DA:74,0
DA:75,0
DA:76,0
DA:82,2
DA:83,2
DA:85,2
DA:87,2
DA:89,2
DA:96,0
DA:97,0
DA:101,2
DA:102,0
DA:103,0
DA:107,0
DA:108,0
DA:110,0
DA:111,0
DA:113,0
DA:116,2
DA:117,0
DA:118,0
DA:127,0
DA:128,0
DA:129,0
DA:130,0
DA:132,0
DA:133,0
DA:136,0
DA:137,0
DA:141,2
DA:142,0
DA:143,0
DA:144,0
DA:147,0
DA:148,0
DA:149,0
DA:151,0
DA:152,0
DA:153,0
DA:157,0
DA:162,0
DA:164,0
DA:165,0
DA:168,0
DA:170,0
DA:172,0
DA:177,0
DA:178,0
DA:180,0
DA:189,0
DA:190,0
DA:191,0
DA:192,0
DA:193,0
DA:195,0
DA:199,0
DA:201,0
DA:202,0
DA:206,2
DA:207,0
DA:208,0
DA:209,0
DA:210,0
DA:212,0
DA:217,0
DA:218,0
DA:220,0
DA:221,0
DA:224,0
DA:227,2
DA:228,0
DA:229,0
DA:230,0
DA:233,0
DA:241,0
DA:242,0
DA:243,0
DA:244,0
DA:245,0
DA:246,0
DA:249,0
DA:250,0
DA:252,0
DA:253,0
DA:257,2
DA:258,0
DA:259,0
DA:270,0
DA:272,0
DA:273,0
DA:274,0
DA:276,0
DA:277,0
DA:280,0
DA:281,0
DA:285,2
DA:286,0
DA:292,2
LF:135
LH:34
BRDA:13,0,0,0
BRDA:13,0,1,0
BRDA:26,1,0,1
BRDA:26,1,1,0
BRDA:29,2,0,0
BRDA:29,2,1,1
BRDA:40,3,0,0
BRDA:40,3,1,0
BRDA:42,4,0,0
BRDA:42,4,1,0
BRDA:45,5,0,0
BRDA:45,5,1,0
BRDA:58,6,0,0
BRDA:58,6,1,1
BRDA:67,7,0,1
BRDA:67,7,1,0
BRDA:73,8,0,0
BRDA:73,8,1,1
BRDA:75,9,0,0
BRDA:75,9,1,0
BRDA:75,10,0,0
BRDA:75,10,1,0
BRDA:83,11,0,0
BRDA:83,11,1,2
BRDA:87,12,0,2
BRDA:87,12,1,2
BRDA:90,13,0,2
BRDA:90,13,1,2
BRDA:90,13,2,0
BRDA:90,13,3,0
BRDA:127,14,0,0
BRDA:127,14,1,0
BRDA:142,15,0,0
BRDA:142,15,1,0
BRDA:151,16,0,0
BRDA:151,16,1,0
BRDA:168,17,0,0
BRDA:168,17,1,0
BRDA:189,18,0,0
BRDA:189,18,1,0
BRDA:207,19,0,0
BRDA:207,19,1,0
BRDA:227,20,0,0
BRDA:228,21,0,0
BRDA:228,21,1,0
BRDA:242,22,0,0
BRDA:242,22,1,0
BRDA:244,23,0,0
BRDA:244,23,1,0
BRDA:257,24,0,0
BRDA:263,25,0,0
BRDA:263,25,1,0
BRDA:264,26,0,0
BRDA:264,26,1,0
BRDA:265,27,0,0
BRDA:265,27,1,0
BRDA:266,28,0,0
BRDA:266,28,1,0
BRDA:272,29,0,0
BRDA:272,29,1,0
BRDA:304,30,0,2
BRDA:304,30,1,0
BRDA:305,31,0,2
BRDA:305,31,1,1
BRF:64
BRH:13
end_of_record
